<?xml version="1.0" encoding="UTF-8"?>
<testsuite xmlns:xsi="http://www.w3.org/2001/XMLSchema-instance" xsi:noNamespaceSchemaLocation="https://maven.apache.org/surefire/maven-surefire-plugin/xsd/surefire-test-report.xsd" version="3.0.2" name="br.com.brad.campaigningest.CampaignIngestApplicationTests" time="1.137" tests="1" errors="0" skipped="0" failures="0">
  <properties>
[...]
</properties>
  <testcase name="contextLoads" classname="br.com.brad.campaigningest.CampaignIngestApplicationTests" time="0.345">
    <system-out><![CDATA[18:02:06.829 [main] INFO org.springframework.test.context.support.AnnotationConfigContextLoaderUtils -- Could not detect default configuration classes for test class [br.com.brad.campaigningest.CampaignIngestApplicationTests]: CampaignIngestApplicationTests does not declare any static, non-private, non-final, nested classes annotated with @Configuration.
18:02:06.878 [main] INFO org.springframework.boot.test.context.SpringBootTestContextBootstrapper -- Found @SpringBootConfiguration br.com.brad.campaigningest.CampaignIngestApplication for test class br.com.brad.campaigningest.CampaignIngestApplicationTests
18:02:06.936 [main] INFO org.springframework.boot.devtools.restart.RestartApplicationListener -- Restart disabled due to context in which it is running

  .   ____          _            __ _ _
 /\\ / ___'_ __ _ _(_)_ __  __ _ \ \ \ \
( ( )\___ | '_ | '_| | '_ \/ _` | \ \ \ \
 \\/  ___)| |_)| | | | | || (_| |  ) ) ) )
  '  |____| .__|_| |_|_| |_\__, | / / / /
 =========|_|==============|___/=/_/_/_/

 :: Spring Boot ::                (v3.5.5)

2025-08-27T18:02:07.049-03:00  INFO 5165 --- [campaign-ingest] [           main] b.c.b.c.CampaignIngestApplicationTests   : Starting CampaignIngestApplicationTests using Java 21.0.1 with PID 5165 (started by issamiyoshida in /Users/issamiyoshida/Desktop/Yoshida/Aplicacoes em Java/campaign-ingest)
2025-08-27T18:02:07.050-03:00  INFO 5165 --- [campaign-ingest] [           main] b.c.b.c.CampaignIngestApplicationTests   : No active profile set, falling back to 1 default profile: "default"
2025-08-27T18:02:07.542-03:00  INFO 5165 --- [campaign-ingest] [           main] o.s.c.f.web.mvc.FunctionHandlerMapping   : FunctionCatalog: org.springframework.cloud.function.context.catalog.BeanFactoryAwareFunctionRegistry@29bcf51d
2025-08-27T18:02:07.554-03:00  INFO 5165 --- [campaign-ingest] [           main] b.c.b.c.CampaignIngestApplicationTests   : Started CampaignIngestApplicationTests in 0.622 seconds (process running for 1.002)
]]></system-out>
    <system-err><![CDATA[Mockito is currently self-attaching to enable the inline-mock-maker. This will no longer work in future releases of the JDK. Please add Mockito as an agent to your build as described in Mockito's documentation: https://javadoc.io/doc/org.mockito/mockito-core/latest/org.mockito/org/mockito/Mockito.html#0.3
WARNING: A Java agent has been loaded dynamically (/Users/issamiyoshida/.m2/repository/net/bytebuddy/byte-buddy-agent/1.17.7/byte-buddy-agent-1.17.7.jar)
WARNING: If a serviceability tool is in use, please run with -XX:+EnableDynamicAgentLoading to hide this warning
WARNING: If a serviceability tool is not in use, please run with -Djdk.instrument.traceUsage for more information
WARNING: Dynamic loading of agents will be disallowed by default in a future release
]]></system-err>
  </testcase>
</testsuite>